2017-09-13 17:19:01,318 INFO o.a.j.u.JMeterUtils: Setting Locale to en_US
2017-09-13 17:19:01,333 INFO o.a.j.JMeter: Loading system properties from: system.properties
2017-09-13 17:19:01,340 INFO o.a.j.JMeter: Copyright (c) 1998-2017 The Apache Software Foundation
2017-09-13 17:19:01,340 INFO o.a.j.JMeter: Version 3.2 r1790748
2017-09-13 17:19:01,340 INFO o.a.j.JMeter: java.version=1.8.0_102
2017-09-13 17:19:01,340 INFO o.a.j.JMeter: java.vm.name=Java HotSpot(TM) 64-Bit Server VM
2017-09-13 17:19:01,340 INFO o.a.j.JMeter: os.name=Mac OS X
2017-09-13 17:19:01,340 INFO o.a.j.JMeter: os.arch=x86_64
2017-09-13 17:19:01,341 INFO o.a.j.JMeter: os.version=10.12.5
2017-09-13 17:19:01,341 INFO o.a.j.JMeter: file.encoding=UTF-8
2017-09-13 17:19:01,341 INFO o.a.j.JMeter: Max memory     =514850816
2017-09-13 17:19:01,341 INFO o.a.j.JMeter: Available Processors =4
2017-09-13 17:19:01,346 INFO o.a.j.JMeter: Default Locale=English (United States)
2017-09-13 17:19:01,346 INFO o.a.j.JMeter: JMeter  Locale=English (United States)
2017-09-13 17:19:01,346 INFO o.a.j.JMeter: JMeterHome=/Users/janki/Desktop/jmetermvn/target/jmeter
2017-09-13 17:19:01,346 INFO o.a.j.JMeter: user.dir  =/Users/janki/Desktop/jmetermvn/target/jmeter/bin
2017-09-13 17:19:01,347 INFO o.a.j.JMeter: PWD       =/Users/janki/Desktop/jmetermvn/target/jmeter/bin
2017-09-13 17:19:01,348 INFO o.a.j.JMeter: IP: 10.0.0.19 Name: janakiram-MacBook-Air.local FullName: 10.0.0.19
2017-09-13 17:19:01,352 INFO o.a.j.s.FileServer: Default base='/Users/janki/Desktop/jmetermvn/target/jmeter/bin'
2017-09-13 17:19:01,352 INFO o.a.j.s.FileServer: Set new base='/Users/janki/Desktop/jmetermvn/target/jmeter/testFiles'
2017-09-13 17:19:01,531 INFO o.a.j.s.SaveService: Testplan (JMX) version: 2.2. Testlog (JTL) version: 2.2
2017-09-13 17:19:01,543 INFO o.a.j.s.SaveService: Using SaveService properties file encoding UTF-8
2017-09-13 17:19:01,548 INFO o.a.j.s.SaveService: Using SaveService properties version 3.2
2017-09-13 17:19:01,557 INFO o.a.j.s.SaveService: Loading file: /Users/janki/Desktop/jmetermvn/target/jmeter/testFiles/application by ravi.jmx
2017-09-13 17:19:01,612 INFO o.a.j.p.h.s.HTTPSamplerBase: Parser for text/html is org.apache.jmeter.protocol.http.parser.LagartoBasedHtmlParser
2017-09-13 17:19:01,612 INFO o.a.j.p.h.s.HTTPSamplerBase: Parser for application/xhtml+xml is org.apache.jmeter.protocol.http.parser.LagartoBasedHtmlParser
2017-09-13 17:19:01,612 INFO o.a.j.p.h.s.HTTPSamplerBase: Parser for application/xml is org.apache.jmeter.protocol.http.parser.LagartoBasedHtmlParser
2017-09-13 17:19:01,612 INFO o.a.j.p.h.s.HTTPSamplerBase: Parser for text/xml is org.apache.jmeter.protocol.http.parser.LagartoBasedHtmlParser
2017-09-13 17:19:01,612 INFO o.a.j.p.h.s.HTTPSamplerBase: Parser for text/vnd.wap.wml is org.apache.jmeter.protocol.http.parser.RegexpHTMLParser
2017-09-13 17:19:01,612 INFO o.a.j.p.h.s.HTTPSamplerBase: Parser for text/css is org.apache.jmeter.protocol.http.parser.CssParser
2017-09-13 17:19:01,636 INFO o.a.j.JMeter: Creating summariser <summary>
2017-09-13 17:19:01,645 INFO o.a.j.e.StandardJMeterEngine: Running the test!
2017-09-13 17:19:01,648 INFO o.a.j.s.SampleEvent: List of sample_variables: []
2017-09-13 17:19:01,648 INFO o.a.j.s.SampleEvent: List of sample_variables: []
2017-09-13 17:19:01,653 INFO o.a.j.e.u.CompoundVariable: Note: Function class names must contain the string: '.functions.'
2017-09-13 17:19:01,653 INFO o.a.j.e.u.CompoundVariable: Note: Function class names must not contain the string: '.gui.'
2017-09-13 17:19:02,506 INFO o.a.j.JMeter: Running test (1505303342506)
2017-09-13 17:19:02,589 INFO o.a.j.e.StandardJMeterEngine: Starting ThreadGroup: 1 : application by ravi
2017-09-13 17:19:02,589 INFO o.a.j.e.StandardJMeterEngine: Starting 100 threads for group application by ravi.
2017-09-13 17:19:02,589 INFO o.a.j.e.StandardJMeterEngine: Thread will continue on error
2017-09-13 17:19:02,590 INFO o.a.j.t.ThreadGroup: Starting thread group... number=1 threads=100 ramp-up=1 perThread=10.0 delayedStart=false
2017-09-13 17:19:02,599 INFO o.a.j.t.JMeterThread: Thread started: application by ravi 1-1
2017-09-13 17:19:02,610 INFO o.a.j.t.JMeterThread: Thread started: application by ravi 1-2
2017-09-13 17:19:02,622 INFO o.a.j.t.JMeterThread: Thread started: application by ravi 1-3
2017-09-13 17:19:02,630 INFO o.a.j.p.h.s.HTTPHCAbstractImpl: Local host = janakiram-MacBook-Air.local
2017-09-13 17:19:02,633 INFO o.a.j.t.JMeterThread: Thread started: application by ravi 1-4
2017-09-13 17:19:02,639 INFO o.a.j.t.ThreadGroup: Started thread group number 1
2017-09-13 17:19:02,639 INFO o.a.j.e.StandardJMeterEngine: All thread groups have been started
2017-09-13 17:19:02,640 INFO o.a.j.p.h.s.HTTPHC4Impl: HTTP request retry count = 0
2017-09-13 17:19:02,643 INFO o.a.j.t.JMeterThread: Thread started: application by ravi 1-5
2017-09-13 17:19:02,650 INFO o.a.j.t.JMeterThread: Thread started: application by ravi 1-6
2017-09-13 17:19:02,652 INFO o.a.j.s.SampleResult: Note: Sample TimeStamps are START times
2017-09-13 17:19:02,652 INFO o.a.j.s.SampleResult: sampleresult.default.encoding is set to ISO-8859-1
2017-09-13 17:19:02,653 INFO o.a.j.s.SampleResult: sampleresult.useNanoTime=true
2017-09-13 17:19:02,653 INFO o.a.j.s.SampleResult: sampleresult.nanoThreadSleep=5000
2017-09-13 17:19:02,660 INFO o.a.j.t.JMeterThread: Thread started: application by ravi 1-7
2017-09-13 17:19:02,672 INFO o.a.j.t.JMeterThread: Thread started: application by ravi 1-8
2017-09-13 17:19:02,685 INFO o.a.j.t.JMeterThread: Thread started: application by ravi 1-9
2017-09-13 17:19:02,694 INFO o.a.j.t.JMeterThread: Thread started: application by ravi 1-10
2017-09-13 17:19:02,707 INFO o.a.j.t.JMeterThread: Thread started: application by ravi 1-11
2017-09-13 17:19:02,718 INFO o.a.j.t.JMeterThread: Thread started: application by ravi 1-12
2017-09-13 17:19:02,723 INFO o.a.j.t.JMeterThread: Thread started: application by ravi 1-13
2017-09-13 17:19:02,734 INFO o.a.j.t.JMeterThread: Thread started: application by ravi 1-14
2017-09-13 17:19:02,754 INFO o.a.j.t.JMeterThread: Thread started: application by ravi 1-15
2017-09-13 17:19:02,765 INFO o.a.j.t.JMeterThread: Thread started: application by ravi 1-16
2017-09-13 17:19:02,774 INFO o.a.j.t.JMeterThread: Thread started: application by ravi 1-17
2017-09-13 17:19:02,781 INFO o.a.j.t.JMeterThread: Thread started: application by ravi 1-18
2017-09-13 17:19:02,792 INFO o.a.j.t.JMeterThread: Thread started: application by ravi 1-19
2017-09-13 17:19:02,805 INFO o.a.j.t.JMeterThread: Thread started: application by ravi 1-20
2017-09-13 17:19:02,814 INFO o.a.j.t.JMeterThread: Thread started: application by ravi 1-21
2017-09-13 17:19:02,824 INFO o.a.j.t.JMeterThread: Thread started: application by ravi 1-22
2017-09-13 17:19:02,838 INFO o.a.j.t.JMeterThread: Thread started: application by ravi 1-23
2017-09-13 17:19:02,845 INFO o.a.j.t.JMeterThread: Thread started: application by ravi 1-24
2017-09-13 17:19:02,859 INFO o.a.j.t.JMeterThread: Thread started: application by ravi 1-25
2017-09-13 17:19:02,869 INFO o.a.j.t.JMeterThread: Thread started: application by ravi 1-26
2017-09-13 17:19:02,877 INFO o.a.j.t.JMeterThread: Thread started: application by ravi 1-27
2017-09-13 17:19:02,890 INFO o.a.j.t.JMeterThread: Thread started: application by ravi 1-28
2017-09-13 17:19:02,901 INFO o.a.j.t.JMeterThread: Thread started: application by ravi 1-29
2017-09-13 17:19:02,910 INFO o.a.j.t.JMeterThread: Thread started: application by ravi 1-30
2017-09-13 17:19:02,917 INFO o.a.j.t.JMeterThread: Thread started: application by ravi 1-31
2017-09-13 17:19:02,929 INFO o.a.j.t.JMeterThread: Thread started: application by ravi 1-32
2017-09-13 17:19:02,939 INFO o.a.j.t.JMeterThread: Thread started: application by ravi 1-33
2017-09-13 17:19:02,949 INFO o.a.j.t.JMeterThread: Thread started: application by ravi 1-34
2017-09-13 17:19:02,959 INFO o.a.j.t.JMeterThread: Thread started: application by ravi 1-35
2017-09-13 17:19:02,974 INFO o.a.j.t.JMeterThread: Thread started: application by ravi 1-36
2017-09-13 17:19:02,979 INFO o.a.j.t.JMeterThread: Thread started: application by ravi 1-37
2017-09-13 17:19:02,990 INFO o.a.j.t.JMeterThread: Thread started: application by ravi 1-38
2017-09-13 17:19:03,002 INFO o.a.j.t.JMeterThread: Thread started: application by ravi 1-39
2017-09-13 17:19:03,012 INFO o.a.j.t.JMeterThread: Thread started: application by ravi 1-40
2017-09-13 17:19:03,023 INFO o.a.j.t.JMeterThread: Thread started: application by ravi 1-41
2017-09-13 17:19:03,030 INFO o.a.j.t.JMeterThread: Thread started: application by ravi 1-42
2017-09-13 17:19:03,041 INFO o.a.j.t.JMeterThread: Thread started: application by ravi 1-43
2017-09-13 17:19:03,052 INFO o.a.j.t.JMeterThread: Thread started: application by ravi 1-44
2017-09-13 17:19:03,063 INFO o.a.j.t.JMeterThread: Thread started: application by ravi 1-45
2017-09-13 17:19:03,073 INFO o.a.j.t.JMeterThread: Thread started: application by ravi 1-46
2017-09-13 17:19:03,088 INFO o.a.j.t.JMeterThread: Thread started: application by ravi 1-47
2017-09-13 17:19:03,096 INFO o.a.j.t.JMeterThread: Thread started: application by ravi 1-48
2017-09-13 17:19:03,108 INFO o.a.j.t.JMeterThread: Thread started: application by ravi 1-49
2017-09-13 17:19:03,116 INFO o.a.j.t.JMeterThread: Thread started: application by ravi 1-50
2017-09-13 17:19:03,126 INFO o.a.j.t.JMeterThread: Thread started: application by ravi 1-51
2017-09-13 17:19:03,135 INFO o.a.j.t.JMeterThread: Thread started: application by ravi 1-52
2017-09-13 17:19:03,146 INFO o.a.j.t.JMeterThread: Thread started: application by ravi 1-53
2017-09-13 17:19:03,158 INFO o.a.j.t.JMeterThread: Thread started: application by ravi 1-54
2017-09-13 17:19:03,166 INFO o.a.j.t.JMeterThread: Thread started: application by ravi 1-55
2017-09-13 17:19:03,177 INFO o.a.j.t.JMeterThread: Thread started: application by ravi 1-56
2017-09-13 17:19:03,195 INFO o.a.j.t.JMeterThread: Thread started: application by ravi 1-57
2017-09-13 17:19:03,204 INFO o.a.j.t.JMeterThread: Thread started: application by ravi 1-58
2017-09-13 17:19:03,208 INFO o.a.j.t.JMeterThread: Thread started: application by ravi 1-59
2017-09-13 17:19:03,218 INFO o.a.j.t.JMeterThread: Thread started: application by ravi 1-60
2017-09-13 17:19:03,230 INFO o.a.j.t.JMeterThread: Thread started: application by ravi 1-61
2017-09-13 17:19:03,239 INFO o.a.j.t.JMeterThread: Thread started: application by ravi 1-62
2017-09-13 17:19:03,249 INFO o.a.j.t.JMeterThread: Thread started: application by ravi 1-63
2017-09-13 17:19:03,259 INFO o.a.j.t.JMeterThread: Thread started: application by ravi 1-64
2017-09-13 17:19:03,269 INFO o.a.j.t.JMeterThread: Thread started: application by ravi 1-65
2017-09-13 17:19:03,281 INFO o.a.j.t.JMeterThread: Thread started: application by ravi 1-66
2017-09-13 17:19:03,289 INFO o.a.j.t.JMeterThread: Thread started: application by ravi 1-67
2017-09-13 17:19:03,300 INFO o.a.j.t.JMeterThread: Thread started: application by ravi 1-68
2017-09-13 17:19:03,311 INFO o.a.j.t.JMeterThread: Thread started: application by ravi 1-69
2017-09-13 17:19:03,320 INFO o.a.j.t.JMeterThread: Thread started: application by ravi 1-70
2017-09-13 17:19:03,334 INFO o.a.j.t.JMeterThread: Thread started: application by ravi 1-71
2017-09-13 17:19:03,342 INFO o.a.j.t.JMeterThread: Thread started: application by ravi 1-72
2017-09-13 17:19:03,353 INFO o.a.j.t.JMeterThread: Thread started: application by ravi 1-73
2017-09-13 17:19:03,367 INFO o.a.j.t.JMeterThread: Thread started: application by ravi 1-74
2017-09-13 17:19:03,377 INFO o.a.j.r.Summariser: summary +      1 in 00:00:01 =    1.1/s Avg:   639 Min:   639 Max:   639 Err:     0 (0.00%) Active: 74 Started: 74 Finished: 0
2017-09-13 17:19:03,377 INFO o.a.j.t.JMeterThread: Thread is done: application by ravi 1-12
2017-09-13 17:19:03,378 INFO o.a.j.t.JMeterThread: Thread finished: application by ravi 1-12
2017-09-13 17:19:03,378 INFO o.a.j.t.JMeterThread: Thread started: application by ravi 1-75
2017-09-13 17:19:03,383 INFO o.a.j.t.JMeterThread: Thread started: application by ravi 1-76
2017-09-13 17:19:03,393 INFO o.a.j.t.JMeterThread: Thread started: application by ravi 1-77
2017-09-13 17:19:03,405 INFO o.a.j.t.JMeterThread: Thread started: application by ravi 1-78
2017-09-13 17:19:03,413 INFO o.a.j.t.JMeterThread: Thread started: application by ravi 1-79
2017-09-13 17:19:03,426 INFO o.a.j.t.JMeterThread: Thread started: application by ravi 1-80
2017-09-13 17:19:03,435 INFO o.a.j.t.JMeterThread: Thread started: application by ravi 1-81
2017-09-13 17:19:03,444 INFO o.a.j.t.JMeterThread: Thread started: application by ravi 1-82
2017-09-13 17:19:03,455 INFO o.a.j.t.JMeterThread: Thread started: application by ravi 1-83
2017-09-13 17:19:03,464 INFO o.a.j.t.JMeterThread: Thread started: application by ravi 1-84
2017-09-13 17:19:03,479 INFO o.a.j.t.JMeterThread: Thread started: application by ravi 1-85
2017-09-13 17:19:03,488 INFO o.a.j.t.JMeterThread: Thread started: application by ravi 1-86
2017-09-13 17:19:03,497 INFO o.a.j.t.JMeterThread: Thread started: application by ravi 1-87
2017-09-13 17:19:03,508 INFO o.a.j.t.JMeterThread: Thread started: application by ravi 1-88
2017-09-13 17:19:03,514 INFO o.a.j.t.JMeterThread: Thread is done: application by ravi 1-6
2017-09-13 17:19:03,514 INFO o.a.j.t.JMeterThread: Thread finished: application by ravi 1-6
2017-09-13 17:19:03,514 INFO o.a.j.t.JMeterThread: Thread is done: application by ravi 1-8
2017-09-13 17:19:03,514 INFO o.a.j.t.JMeterThread: Thread finished: application by ravi 1-8
2017-09-13 17:19:03,518 INFO o.a.j.t.JMeterThread: Thread started: application by ravi 1-89
2017-09-13 17:19:03,524 INFO o.a.j.t.JMeterThread: Thread is done: application by ravi 1-16
2017-09-13 17:19:03,524 INFO o.a.j.t.JMeterThread: Thread finished: application by ravi 1-16
2017-09-13 17:19:03,526 INFO o.a.j.t.JMeterThread: Thread is done: application by ravi 1-15
2017-09-13 17:19:03,526 INFO o.a.j.t.JMeterThread: Thread finished: application by ravi 1-15
2017-09-13 17:19:03,526 INFO o.a.j.t.JMeterThread: Thread is done: application by ravi 1-1
2017-09-13 17:19:03,526 INFO o.a.j.t.JMeterThread: Thread finished: application by ravi 1-1
2017-09-13 17:19:03,527 INFO o.a.j.t.JMeterThread: Thread is done: application by ravi 1-13
2017-09-13 17:19:03,527 INFO o.a.j.t.JMeterThread: Thread finished: application by ravi 1-13
2017-09-13 17:19:03,527 INFO o.a.j.t.JMeterThread: Thread started: application by ravi 1-90
2017-09-13 17:19:03,538 INFO o.a.j.t.JMeterThread: Thread started: application by ravi 1-91
2017-09-13 17:19:03,547 INFO o.a.j.t.JMeterThread: Thread started: application by ravi 1-92
2017-09-13 17:19:03,550 INFO o.a.j.t.JMeterThread: Thread is done: application by ravi 1-3
2017-09-13 17:19:03,550 INFO o.a.j.t.JMeterThread: Thread finished: application by ravi 1-3
2017-09-13 17:19:03,559 INFO o.a.j.t.JMeterThread: Thread started: application by ravi 1-93
2017-09-13 17:19:03,570 INFO o.a.j.t.JMeterThread: Thread started: application by ravi 1-94
2017-09-13 17:19:03,580 INFO o.a.j.t.JMeterThread: Thread started: application by ravi 1-95
2017-09-13 17:19:03,589 INFO o.a.j.t.JMeterThread: Thread started: application by ravi 1-96
2017-09-13 17:19:03,599 INFO o.a.j.t.JMeterThread: Thread started: application by ravi 1-97
2017-09-13 17:19:03,612 INFO o.a.j.t.JMeterThread: Thread started: application by ravi 1-98
2017-09-13 17:19:03,622 INFO o.a.j.t.JMeterThread: Thread started: application by ravi 1-99
2017-09-13 17:19:03,629 INFO o.a.j.t.JMeterThread: Thread started: application by ravi 1-100
2017-09-13 17:19:03,669 INFO o.a.j.t.JMeterThread: Thread is done: application by ravi 1-7
2017-09-13 17:19:03,669 INFO o.a.j.t.JMeterThread: Thread finished: application by ravi 1-7
2017-09-13 17:19:03,677 INFO o.a.j.t.JMeterThread: Thread is done: application by ravi 1-11
2017-09-13 17:19:03,677 INFO o.a.j.t.JMeterThread: Thread finished: application by ravi 1-11
2017-09-13 17:19:03,741 INFO o.a.j.t.JMeterThread: Thread is done: application by ravi 1-43
2017-09-13 17:19:03,741 INFO o.a.j.t.JMeterThread: Thread finished: application by ravi 1-43
2017-09-13 17:19:03,750 INFO o.a.j.t.JMeterThread: Thread is done: application by ravi 1-38
2017-09-13 17:19:03,750 INFO o.a.j.t.JMeterThread: Thread finished: application by ravi 1-38
2017-09-13 17:19:03,754 INFO o.a.j.t.JMeterThread: Thread is done: application by ravi 1-46
2017-09-13 17:19:03,754 INFO o.a.j.t.JMeterThread: Thread finished: application by ravi 1-46
2017-09-13 17:19:03,759 INFO o.a.j.t.JMeterThread: Thread is done: application by ravi 1-42
2017-09-13 17:19:03,759 INFO o.a.j.t.JMeterThread: Thread finished: application by ravi 1-42
2017-09-13 17:19:03,774 INFO o.a.j.t.JMeterThread: Thread is done: application by ravi 1-22
2017-09-13 17:19:03,774 INFO o.a.j.t.JMeterThread: Thread finished: application by ravi 1-22
2017-09-13 17:19:03,788 INFO o.a.j.t.JMeterThread: Thread is done: application by ravi 1-39
2017-09-13 17:19:03,788 INFO o.a.j.t.JMeterThread: Thread finished: application by ravi 1-39
2017-09-13 17:19:03,795 INFO o.a.j.t.JMeterThread: Thread is done: application by ravi 1-41
2017-09-13 17:19:03,795 INFO o.a.j.t.JMeterThread: Thread finished: application by ravi 1-41
2017-09-13 17:19:03,801 INFO o.a.j.t.JMeterThread: Thread is done: application by ravi 1-27
2017-09-13 17:19:03,802 INFO o.a.j.t.JMeterThread: Thread finished: application by ravi 1-27
2017-09-13 17:19:03,963 INFO o.a.j.t.JMeterThread: Thread is done: application by ravi 1-14
2017-09-13 17:19:03,963 INFO o.a.j.t.JMeterThread: Thread finished: application by ravi 1-14
2017-09-13 17:19:03,966 INFO o.a.j.t.JMeterThread: Thread is done: application by ravi 1-9
2017-09-13 17:19:03,966 INFO o.a.j.t.JMeterThread: Thread finished: application by ravi 1-9
2017-09-13 17:19:03,970 INFO o.a.j.t.JMeterThread: Thread is done: application by ravi 1-30
2017-09-13 17:19:03,970 INFO o.a.j.t.JMeterThread: Thread finished: application by ravi 1-30
2017-09-13 17:19:03,976 INFO o.a.j.t.JMeterThread: Thread is done: application by ravi 1-23
2017-09-13 17:19:03,976 INFO o.a.j.t.JMeterThread: Thread finished: application by ravi 1-23
2017-09-13 17:19:03,977 INFO o.a.j.t.JMeterThread: Thread is done: application by ravi 1-26
2017-09-13 17:19:03,977 INFO o.a.j.t.JMeterThread: Thread finished: application by ravi 1-26
2017-09-13 17:19:03,983 INFO o.a.j.t.JMeterThread: Thread is done: application by ravi 1-25
2017-09-13 17:19:03,983 INFO o.a.j.t.JMeterThread: Thread finished: application by ravi 1-25
2017-09-13 17:19:03,987 INFO o.a.j.t.JMeterThread: Thread is done: application by ravi 1-4
2017-09-13 17:19:03,987 INFO o.a.j.t.JMeterThread: Thread finished: application by ravi 1-4
2017-09-13 17:19:03,996 INFO o.a.j.t.JMeterThread: Thread is done: application by ravi 1-18
2017-09-13 17:19:03,996 INFO o.a.j.t.JMeterThread: Thread finished: application by ravi 1-18
2017-09-13 17:19:03,998 INFO o.a.j.t.JMeterThread: Thread is done: application by ravi 1-10
2017-09-13 17:19:03,998 INFO o.a.j.t.JMeterThread: Thread finished: application by ravi 1-10
2017-09-13 17:19:04,000 INFO o.a.j.t.JMeterThread: Thread is done: application by ravi 1-28
2017-09-13 17:19:04,000 INFO o.a.j.t.JMeterThread: Thread finished: application by ravi 1-28
2017-09-13 17:19:04,010 INFO o.a.j.t.JMeterThread: Thread is done: application by ravi 1-17
2017-09-13 17:19:04,010 INFO o.a.j.t.JMeterThread: Thread finished: application by ravi 1-17
2017-09-13 17:19:04,015 INFO o.a.j.t.JMeterThread: Thread is done: application by ravi 1-34
2017-09-13 17:19:04,016 INFO o.a.j.t.JMeterThread: Thread finished: application by ravi 1-34
2017-09-13 17:19:04,022 INFO o.a.j.t.JMeterThread: Thread is done: application by ravi 1-21
2017-09-13 17:19:04,022 INFO o.a.j.t.JMeterThread: Thread finished: application by ravi 1-21
2017-09-13 17:19:04,030 INFO o.a.j.t.JMeterThread: Thread is done: application by ravi 1-45
2017-09-13 17:19:04,030 INFO o.a.j.t.JMeterThread: Thread finished: application by ravi 1-45
2017-09-13 17:19:04,046 INFO o.a.j.t.JMeterThread: Thread is done: application by ravi 1-2
2017-09-13 17:19:04,046 INFO o.a.j.t.JMeterThread: Thread finished: application by ravi 1-2
2017-09-13 17:19:04,047 INFO o.a.j.t.JMeterThread: Thread is done: application by ravi 1-44
2017-09-13 17:19:04,047 INFO o.a.j.t.JMeterThread: Thread finished: application by ravi 1-44
2017-09-13 17:19:04,061 INFO o.a.j.t.JMeterThread: Thread is done: application by ravi 1-19
2017-09-13 17:19:04,061 INFO o.a.j.t.JMeterThread: Thread finished: application by ravi 1-19
2017-09-13 17:19:04,077 INFO o.a.j.t.JMeterThread: Thread is done: application by ravi 1-31
2017-09-13 17:19:04,077 INFO o.a.j.t.JMeterThread: Thread finished: application by ravi 1-31
2017-09-13 17:19:04,089 INFO o.a.j.t.JMeterThread: Thread is done: application by ravi 1-32
2017-09-13 17:19:04,089 INFO o.a.j.t.JMeterThread: Thread finished: application by ravi 1-32
2017-09-13 17:19:04,093 INFO o.a.j.t.JMeterThread: Thread is done: application by ravi 1-5
2017-09-13 17:19:04,093 INFO o.a.j.t.JMeterThread: Thread finished: application by ravi 1-5
2017-09-13 17:19:04,149 INFO o.a.j.t.JMeterThread: Thread is done: application by ravi 1-20
2017-09-13 17:19:04,149 INFO o.a.j.t.JMeterThread: Thread finished: application by ravi 1-20
2017-09-13 17:19:04,252 INFO o.a.j.t.JMeterThread: Thread is done: application by ravi 1-40
2017-09-13 17:19:04,252 INFO o.a.j.t.JMeterThread: Thread finished: application by ravi 1-40
2017-09-13 17:19:04,253 INFO o.a.j.t.JMeterThread: Thread is done: application by ravi 1-35
2017-09-13 17:19:04,254 INFO o.a.j.t.JMeterThread: Thread finished: application by ravi 1-35
2017-09-13 17:19:04,260 INFO o.a.j.t.JMeterThread: Thread is done: application by ravi 1-24
2017-09-13 17:19:04,260 INFO o.a.j.t.JMeterThread: Thread finished: application by ravi 1-24
2017-09-13 17:19:04,260 INFO o.a.j.t.JMeterThread: Thread is done: application by ravi 1-29
2017-09-13 17:19:04,260 INFO o.a.j.t.JMeterThread: Thread finished: application by ravi 1-29
2017-09-13 17:19:04,262 INFO o.a.j.t.JMeterThread: Thread is done: application by ravi 1-33
2017-09-13 17:19:04,262 INFO o.a.j.t.JMeterThread: Thread finished: application by ravi 1-33
2017-09-13 17:19:04,263 INFO o.a.j.t.JMeterThread: Thread is done: application by ravi 1-58
2017-09-13 17:19:04,264 INFO o.a.j.t.JMeterThread: Thread finished: application by ravi 1-58
2017-09-13 17:19:04,269 INFO o.a.j.t.JMeterThread: Thread is done: application by ravi 1-62
2017-09-13 17:19:04,269 INFO o.a.j.t.JMeterThread: Thread finished: application by ravi 1-62
2017-09-13 17:19:04,282 INFO o.a.j.t.JMeterThread: Thread is done: application by ravi 1-69
2017-09-13 17:19:04,282 INFO o.a.j.t.JMeterThread: Thread finished: application by ravi 1-69
2017-09-13 17:19:04,283 INFO o.a.j.t.JMeterThread: Thread is done: application by ravi 1-37
2017-09-13 17:19:04,284 INFO o.a.j.t.JMeterThread: Thread finished: application by ravi 1-37
2017-09-13 17:19:04,290 INFO o.a.j.t.JMeterThread: Thread is done: application by ravi 1-36
2017-09-13 17:19:04,291 INFO o.a.j.t.JMeterThread: Thread finished: application by ravi 1-36
2017-09-13 17:19:04,315 INFO o.a.j.t.JMeterThread: Thread is done: application by ravi 1-66
2017-09-13 17:19:04,315 INFO o.a.j.t.JMeterThread: Thread finished: application by ravi 1-66
2017-09-13 17:19:04,323 INFO o.a.j.t.JMeterThread: Thread is done: application by ravi 1-64
2017-09-13 17:19:04,324 INFO o.a.j.t.JMeterThread: Thread finished: application by ravi 1-64
2017-09-13 17:19:04,367 INFO o.a.j.t.JMeterThread: Thread is done: application by ravi 1-65
2017-09-13 17:19:04,367 INFO o.a.j.t.JMeterThread: Thread finished: application by ravi 1-65
2017-09-13 17:19:04,371 INFO o.a.j.t.JMeterThread: Thread is done: application by ravi 1-63
2017-09-13 17:19:04,371 INFO o.a.j.t.JMeterThread: Thread finished: application by ravi 1-63
2017-09-13 17:19:04,415 INFO o.a.j.t.JMeterThread: Thread is done: application by ravi 1-56
2017-09-13 17:19:04,416 INFO o.a.j.t.JMeterThread: Thread finished: application by ravi 1-56
2017-09-13 17:19:04,421 INFO o.a.j.t.JMeterThread: Thread is done: application by ravi 1-50
2017-09-13 17:19:04,421 INFO o.a.j.t.JMeterThread: Thread finished: application by ravi 1-50
2017-09-13 17:19:04,426 INFO o.a.j.t.JMeterThread: Thread is done: application by ravi 1-55
2017-09-13 17:19:04,426 INFO o.a.j.t.JMeterThread: Thread finished: application by ravi 1-55
2017-09-13 17:19:04,453 INFO o.a.j.t.JMeterThread: Thread is done: application by ravi 1-54
2017-09-13 17:19:04,453 INFO o.a.j.t.JMeterThread: Thread finished: application by ravi 1-54
2017-09-13 17:19:04,521 INFO o.a.j.t.JMeterThread: Thread is done: application by ravi 1-67
2017-09-13 17:19:04,521 INFO o.a.j.t.JMeterThread: Thread finished: application by ravi 1-67
2017-09-13 17:19:04,523 INFO o.a.j.t.JMeterThread: Thread is done: application by ravi 1-51
2017-09-13 17:19:04,524 INFO o.a.j.t.JMeterThread: Thread finished: application by ravi 1-51
2017-09-13 17:19:04,530 INFO o.a.j.t.JMeterThread: Thread is done: application by ravi 1-47
2017-09-13 17:19:04,531 INFO o.a.j.t.JMeterThread: Thread finished: application by ravi 1-47
2017-09-13 17:19:04,531 INFO o.a.j.t.JMeterThread: Thread is done: application by ravi 1-59
2017-09-13 17:19:04,531 INFO o.a.j.t.JMeterThread: Thread finished: application by ravi 1-59
2017-09-13 17:19:04,538 INFO o.a.j.t.JMeterThread: Thread is done: application by ravi 1-48
2017-09-13 17:19:04,538 INFO o.a.j.t.JMeterThread: Thread finished: application by ravi 1-48
2017-09-13 17:19:04,538 INFO o.a.j.t.JMeterThread: Thread is done: application by ravi 1-68
2017-09-13 17:19:04,539 INFO o.a.j.t.JMeterThread: Thread finished: application by ravi 1-68
2017-09-13 17:19:04,544 INFO o.a.j.t.JMeterThread: Thread is done: application by ravi 1-52
2017-09-13 17:19:04,544 INFO o.a.j.t.JMeterThread: Thread is done: application by ravi 1-49
2017-09-13 17:19:04,544 INFO o.a.j.t.JMeterThread: Thread finished: application by ravi 1-52
2017-09-13 17:19:04,544 INFO o.a.j.t.JMeterThread: Thread is done: application by ravi 1-60
2017-09-13 17:19:04,545 INFO o.a.j.t.JMeterThread: Thread finished: application by ravi 1-60
2017-09-13 17:19:04,544 INFO o.a.j.t.JMeterThread: Thread finished: application by ravi 1-49
2017-09-13 17:19:04,560 INFO o.a.j.t.JMeterThread: Thread is done: application by ravi 1-57
2017-09-13 17:19:04,560 INFO o.a.j.t.JMeterThread: Thread finished: application by ravi 1-57
2017-09-13 17:19:04,576 INFO o.a.j.t.JMeterThread: Thread is done: application by ravi 1-81
2017-09-13 17:19:04,576 INFO o.a.j.t.JMeterThread: Thread finished: application by ravi 1-81
2017-09-13 17:19:04,583 INFO o.a.j.t.JMeterThread: Thread is done: application by ravi 1-79
2017-09-13 17:19:04,583 INFO o.a.j.t.JMeterThread: Thread finished: application by ravi 1-79
2017-09-13 17:19:04,585 INFO o.a.j.t.JMeterThread: Thread is done: application by ravi 1-83
2017-09-13 17:19:04,586 INFO o.a.j.t.JMeterThread: Thread finished: application by ravi 1-83
2017-09-13 17:19:04,591 INFO o.a.j.t.JMeterThread: Thread is done: application by ravi 1-78
2017-09-13 17:19:04,592 INFO o.a.j.t.JMeterThread: Thread finished: application by ravi 1-78
2017-09-13 17:19:04,592 INFO o.a.j.t.JMeterThread: Thread is done: application by ravi 1-77
2017-09-13 17:19:04,592 INFO o.a.j.t.JMeterThread: Thread finished: application by ravi 1-77
2017-09-13 17:19:04,593 INFO o.a.j.t.JMeterThread: Thread is done: application by ravi 1-61
2017-09-13 17:19:04,593 INFO o.a.j.t.JMeterThread: Thread finished: application by ravi 1-61
2017-09-13 17:19:04,614 INFO o.a.j.t.JMeterThread: Thread is done: application by ravi 1-53
2017-09-13 17:19:04,614 INFO o.a.j.t.JMeterThread: Thread finished: application by ravi 1-53
2017-09-13 17:19:04,619 INFO o.a.j.t.JMeterThread: Thread is done: application by ravi 1-82
2017-09-13 17:19:04,620 INFO o.a.j.t.JMeterThread: Thread finished: application by ravi 1-82
2017-09-13 17:19:04,621 INFO o.a.j.t.JMeterThread: Thread is done: application by ravi 1-86
2017-09-13 17:19:04,621 INFO o.a.j.t.JMeterThread: Thread finished: application by ravi 1-86
2017-09-13 17:19:04,628 INFO o.a.j.t.JMeterThread: Thread is done: application by ravi 1-80
2017-09-13 17:19:04,629 INFO o.a.j.t.JMeterThread: Thread finished: application by ravi 1-80
2017-09-13 17:19:04,634 INFO o.a.j.t.JMeterThread: Thread is done: application by ravi 1-87
2017-09-13 17:19:04,635 INFO o.a.j.t.JMeterThread: Thread finished: application by ravi 1-87
2017-09-13 17:19:04,646 INFO o.a.j.t.JMeterThread: Thread is done: application by ravi 1-84
2017-09-13 17:19:04,646 INFO o.a.j.t.JMeterThread: Thread finished: application by ravi 1-84
2017-09-13 17:19:04,656 INFO o.a.j.t.JMeterThread: Thread is done: application by ravi 1-85
2017-09-13 17:19:04,656 INFO o.a.j.t.JMeterThread: Thread finished: application by ravi 1-85
2017-09-13 17:19:04,730 INFO o.a.j.t.JMeterThread: Thread is done: application by ravi 1-96
2017-09-13 17:19:04,730 INFO o.a.j.t.JMeterThread: Thread finished: application by ravi 1-96
2017-09-13 17:19:04,732 INFO o.a.j.t.JMeterThread: Thread is done: application by ravi 1-90
2017-09-13 17:19:04,732 INFO o.a.j.t.JMeterThread: Thread finished: application by ravi 1-90
2017-09-13 17:19:04,746 INFO o.a.j.t.JMeterThread: Thread is done: application by ravi 1-97
2017-09-13 17:19:04,746 INFO o.a.j.t.JMeterThread: Thread finished: application by ravi 1-97
2017-09-13 17:19:04,747 INFO o.a.j.t.JMeterThread: Thread is done: application by ravi 1-94
2017-09-13 17:19:04,748 INFO o.a.j.t.JMeterThread: Thread finished: application by ravi 1-94
2017-09-13 17:19:04,752 INFO o.a.j.t.JMeterThread: Thread is done: application by ravi 1-92
2017-09-13 17:19:04,752 INFO o.a.j.t.JMeterThread: Thread finished: application by ravi 1-92
2017-09-13 17:19:04,761 INFO o.a.j.t.JMeterThread: Thread is done: application by ravi 1-95
2017-09-13 17:19:04,762 INFO o.a.j.t.JMeterThread: Thread finished: application by ravi 1-95
2017-09-13 17:19:04,765 INFO o.a.j.t.JMeterThread: Thread is done: application by ravi 1-93
2017-09-13 17:19:04,765 INFO o.a.j.t.JMeterThread: Thread finished: application by ravi 1-93
2017-09-13 17:19:04,769 INFO o.a.j.t.JMeterThread: Thread is done: application by ravi 1-91
2017-09-13 17:19:04,769 INFO o.a.j.t.JMeterThread: Thread finished: application by ravi 1-91
2017-09-13 17:19:04,781 INFO o.a.j.t.JMeterThread: Thread is done: application by ravi 1-89
2017-09-13 17:19:04,781 INFO o.a.j.t.JMeterThread: Thread finished: application by ravi 1-89
2017-09-13 17:19:04,793 INFO o.a.j.t.JMeterThread: Thread is done: application by ravi 1-70
2017-09-13 17:19:04,793 INFO o.a.j.t.JMeterThread: Thread finished: application by ravi 1-70
2017-09-13 17:19:04,798 INFO o.a.j.t.JMeterThread: Thread is done: application by ravi 1-73
2017-09-13 17:19:04,798 INFO o.a.j.t.JMeterThread: Thread finished: application by ravi 1-73
2017-09-13 17:19:04,800 INFO o.a.j.t.JMeterThread: Thread is done: application by ravi 1-71
2017-09-13 17:19:04,800 INFO o.a.j.t.JMeterThread: Thread finished: application by ravi 1-71
2017-09-13 17:19:04,803 INFO o.a.j.t.JMeterThread: Thread is done: application by ravi 1-72
2017-09-13 17:19:04,803 INFO o.a.j.t.JMeterThread: Thread finished: application by ravi 1-72
2017-09-13 17:19:04,810 INFO o.a.j.t.JMeterThread: Thread is done: application by ravi 1-74
2017-09-13 17:19:04,810 INFO o.a.j.t.JMeterThread: Thread finished: application by ravi 1-74
2017-09-13 17:19:04,815 INFO o.a.j.t.JMeterThread: Thread is done: application by ravi 1-76
2017-09-13 17:19:04,815 INFO o.a.j.t.JMeterThread: Thread finished: application by ravi 1-76
2017-09-13 17:19:04,817 INFO o.a.j.t.JMeterThread: Thread is done: application by ravi 1-75
2017-09-13 17:19:04,817 INFO o.a.j.t.JMeterThread: Thread finished: application by ravi 1-75
2017-09-13 17:19:04,820 INFO o.a.j.t.JMeterThread: Thread is done: application by ravi 1-88
2017-09-13 17:19:04,820 INFO o.a.j.t.JMeterThread: Thread finished: application by ravi 1-88
2017-09-13 17:19:04,826 INFO o.a.j.t.JMeterThread: Thread is done: application by ravi 1-99
2017-09-13 17:19:04,826 INFO o.a.j.t.JMeterThread: Thread finished: application by ravi 1-99
2017-09-13 17:19:04,829 INFO o.a.j.t.JMeterThread: Thread is done: application by ravi 1-98
2017-09-13 17:19:04,829 INFO o.a.j.t.JMeterThread: Thread finished: application by ravi 1-98
2017-09-13 17:19:04,831 INFO o.a.j.t.JMeterThread: Thread is done: application by ravi 1-100
2017-09-13 17:19:04,831 INFO o.a.j.t.JMeterThread: Thread finished: application by ravi 1-100
2017-09-13 17:19:04,832 INFO o.a.j.e.StandardJMeterEngine: Notifying test listeners of end of test
2017-09-13 17:19:04,833 INFO o.a.j.r.Summariser: summary +     99 in 00:00:01 =   67.9/s Avg:  1167 Min:   680 Max:  1472 Err:     0 (0.00%) Active: 0 Started: 100 Finished: 100
2017-09-13 17:19:04,834 INFO o.a.j.r.Summariser: summary =    100 in 00:00:02 =   43.0/s Avg:  1162 Min:   639 Max:  1472 Err:     0 (0.00%)
